19
50
1298736
1930564
4162169
838652
487554
31326
281839
343281
14880
580642
736224
175063
17538
115276
29555
3842
17904
28416
164946
205465
301030
343225
68355
119421
17516
13747
19152
349804
739232
151399
187425
41888
151693
18073
207077
1005
77959
21678
944050
345318
77504
79883
283328
112442
12183
179683
156912
53098
131514
17192
8373600
10122623
13238523
10006292
6680622
178380
145684
116725
55449
193532
70413
143190
38716
11712
5742
460
16688
645174
698430
876075
302750
46818
520334
448071
686091
147210
507337
421124
322988
114219
110495
95312
30732
69804
95800
49389
28910
11524
7157
49500
698920
60970
117876
356035
174771
254990
252636
287793
