853146576
894246944
885845362
256604150
975678509
21336702
714025742
163325538
123155744
398266333
909800925
918359779
773108151
736271448
211918426
77063339
422493605
63885876
783944088
901282353
624102600
702050544
383046089
122227204
222538366
330811711
542828423
970159735
942448259
982239813
467877541
847110752
329317059
897208982
141673526
159783434
83545033
157369877
312239984
813922840
140319892
47077815
545051961
365643030
138302388
960295227
332566725
152757794
453717618
63653159
141192291
820841431
970793496
33139724
909714562
884842470
694641482
382694743
92269189
954324416
111917104
401452350
706068586
747121116
412337193
443482185
706919016
690846406
524177997
215211314
974502215
445693016
459145872
357182752
47880641
410193933
110009170
272499509
967919297
337672034
896158086
56093771
436244036
327664824
676686189
100607878
369644823
718693889
205120512
695333520
897506829
586413339
128916104
962430388
760786456
838051954
915596594
252947056
374894345
696456359
280295079
339327180
886962127
7509548
937258278
404513093
287296164
106081814
723303900
845603359
536988003
395824224
238265686
577235763
194328527
53041137
326318753
285290081
648128847
673821929
88144284
971672756
467451340
264454317
677906936
559928694
580256912
209745301
72032536
552803366
180641370
664261911
904450168
190661053
435847407
180123820
70396742
583861400
659896528
32419748
142623687
466239083
313400638
418059509
660267915
963579237
286395445
116229106
727970321
384394801
814261322
529537080
910773175
648991223
325126817
995579605
657892222
120923307
107706270
649762749
43947922
165377258
103894191
360832566
133505914
184241371
19700344
554461883
95811808
211250282
350107347
731811153
399549934
355602103
521335081
242119117
585595597
767477122
218550563
858386281
51122146
355348026
609826706
125775818
261656315
91012938
781534375
660518764
658128360
162110377
554965533
572292153
883453718
720820586
792887229
39078125
219933313
896183023
691367773
729524330
319494075
613211622
277416901
36278490
841843909
961924538
165690578
402800543
855632553
369980750
808209886
129582111
854365692
917470826
609732650
346474687
770711135
451979974
800027998
50601958
722558239
86134923
828640835
508720700
984597221
635508177
711366270
818858799
612286768
307907120
336098365
513156239
155746256
807558756
472803652
61750317
395200953
974956062
761089159
81001385
433548450
635221427
782163018
787408213
368685944
863684882
790491700
865558805
748308942
776080817
664992178
443632104
849295465
934201455
504447742
438014058
794944706
370732276
995980667
454559391
379036666
477982530
262147434
923820305
473611618
842267414
484288139
576790105
750240334
394648734
171622313
314793723
535449990
705421566
100872918
19350087
185408840
550541287
559168777
412122571
692071828
462889243
483883676
655051245
787076872
305696265
975837202
406242941
739429602
892240980
204087250
814258048
200738738
653045510
621279113
597340002
873586030
401648840
109347028
760542516
172518892
514753745
913756646
474865446
290079003
759402601
953318493
811336849
731483119
283296370
240770093
596591768
258071465
801462383
347960130
252281331
218194829
241838243
21221018
972813917
239908082
461260132
112788778
231436695
848982409
825914984
417543329
613496399
332141481
262725457
511070023
987563935
175439464
963183869
310738761
829087215
926073593
371048536
924275053
54050652
777830722
584839309
569763836
547340485
692238466
816158527
635839572
43307266
285024222
890025877
782299965
353639153
764649728
164531976
711844501
628553236
294382863
123349800
443590166
269786590
389472949
770073139
732590912
785561069
961525518
783448127
339032539
344321725
247291416
878225488
961074110
646903671
449037996
904331759
378958045
446779165
556407418
728835615
667890871
825916120
929572177
610074456
137944302
117797957
953876038
850587523
519279028
201965568
86027863
59835137
287154632
539542639
507259576
962438915
994480402
558000667
24266999
691599396
806859946
271824042
29759113
796763661
423343723
559219656
2302721
985107443
789097416
628655454
554659384
648160360
991360545
416632605
423688969
20418281
865414701
103682736
585116897
886020743
181277791
376117063
218619136
777956836
596105644
66994081
483050464
331551985
531744683
726306744
473796107
170762569
212093400
866527655
747534770
89750558
365163029
612439537
250456205
3981907
239612310
759727798
21509754
227576938
305715312
473302188
419911389
110661585
256907289
410345398
241298327
399827318
891698859
339278805
599159632
177689613
16151292
442658534
741219970
731079769
267678673
681067425
67583980
212829643
132027414
173454718
733124075
824652864
189717758
963462878
939165054
877690371
748623203
629127667
49300869
147736640
288214209
194835956
877692642
250420693
391755797
136729341
902062063
553148519
798977314
363965415
319531119
450667603
21135885
167777579
414487874
629717200
423002525
40558200
200412308
230478213
32179473
52482366
984342909
27084891
516911715
445457027
521698272
535334210
801036589
877504217
68819030
811277200
649937180
33431463
887558205
646922416
304397284
108757333
836771126
411581859
670974443
204804038
302364906
136812031
790280465
375869829
360101080
345079859
361040753
805677784
225122585
805497514
835214576
805064122
15589765
147554381
233252631
859956168
510079741
419859628
502557567
576202131
490782243
144359227
78621300
341800833
246610310
642381543
858081171
883176779
358062905
967022551
498958119
667795644
69736650
177542812
227131622
824450550
738673390
684535070
61118828
91464994
878995022
915733950
661545319
519733503
864957943
433729762
880128185
394350831
119827961
601787174
957764676
833808321
233295463
396435638
471291630
402516509
697126904
333039260
478531197
281265205
875837055
360994234
617805095
417925141
357634586
877090082
84207230
241109325
719704430
509245345
485155955
595195878
989034556
36787668
701165324
28757548
973168883
773680683
734407201
729740508
862049048
358540075
8083186
738479765
129288938
986836621
71761107
890273477
39743067
495374345
264835693
284457494
293056787
37573203
294669155
507343707
565177702
345944298
600820384
337042336
601883044
337843180
661866762
728753226
127321408
597306420
29541861
253582736
480148193
327807953
184213350
357489291
918173060
456254836
813579133
385635386
161928673
203218268
920985820
556416896
360767036
432686395
96228982
765803646
970435747
838545378
637953750
916737593
671812734
471648639
973205358
882907220
209328717
456571298
561537421
909998770
465474243
70022322
206144037
733257213
249137207
832271411
897424178
820259938
140760735
587759470
154863645
810239564
784836536
861831922
397076823
628734983
470509493
767930910
252606166
302090979
668127873
567077840
338099648
812707007
295360332
104312222
890910396
942564420
772908782
628342117
676148407
769568940
208044919
726408408
443499616
896267172
800270658
452486016
578002361
900454041
809645132
627538732
614425481
108436026
28390419
96301602
520497223
364267015
704388963
480106107
495279106
349800425
842487961
729734464
246323004
530661416
961400262
13579629
145702068
131855425
835009648
802365307
991219514
938999243
276231803
588159856
412682364
273869978
688475314
376757827
574339253
405447374
61237921
590172001
755360662
396511862
807778718
312537208
270701418
185657772
350955940
952974300
489398793
104306553
781445836
684326906
20251525
656185990
977326039
887252888
897015079
183589509
588978075
40793504
607333215
574360574
391665701
296161832
146203464
24551344
36812352
75247689
407630427
205739444
887667049
629977633
984736154
649105806
92913775
339744270
503253299
574630585
920938575
685232624
460035147
597494919
124346798
208085650
4470825
505029491
338278213
373045191
46026379
510016425
239375933
889385418
364664551
766353357
422080504
530494306
638197086
147738395
161463089
134541158
666497015
234049850
179313482
21937660
516768990
599955431
826635917
797995633
803660067
242889092
298420699
501534526
767290461
796341597
843441127
467477687
511705983
562272684
473469800
776733287
360630636
131006711
491434067
886754128
228765113
117834039
498742562
981088818
70740425
71340754
942640372
610914769
447280269
342739519
631354070
409939490
317482475
45505829
573117685
184742679
229606628
422995200
347620936
395327281
569680705
10862284
711651585
322185709
176960617
354050533
964942780
171666051
506299121
349072827
593246976
222697780
724694403
587181181
516428934
419678311
795419769
743458771
809399090
886947867
739410905
419207880
574278631
723385958
476012486
611032071
802999423
170233055
806036481
138989374
149835937
836777371
706940579
655948674
438921223
69808666
191553332
938295252
795539747
123775756
788286471
206179707
5495197
167036891
841706498
640823503
10804845
902235372
776400998
371276093
736745531
371931831
783719413
551172497
485292306
180557917
245454485
528667816
450173511
215833058
857331743
904004503
476732282
148225351
855421602
842223659
24030996
978171935
468035009
706432214
197480014
875373598
280934429
608790640
538521011
340001027
341600162
843045896
258817836
918748091
984292546
227122438
906269566
386119038
91120569
75018229
513506342
934115856
569116657
67079647
899518732
807228788
795013941
310264677
37579415
887786133
946344138
319205830
96588312
507323851
977752667
872356396
923548972
929658417
73279991
278350221
899160429
486695678
903909849
401068275
430768020
343138476
466708791
502403308
324966393
926377701
629329085
189106965
590668258
849675961
959169430
444945684
271279035
98053145
884203423
233771747
510086506
423457869
407928696
719116237
382228865
409407781
889172787
666506677
917888713
21168654
787522673
427492263
777976656
649446808
769526010
584478465
778651317
408368425
980385954
291656999
739318477
117026311
703750949
488942202
754607073
262764403
425480740
375304870
947174670
966152799
58928222
713736090
195245170
805788285
991899376
67826287
815082711
499295654
613172503
68565805
532179426
694397482
135267192
650233228
