19
50
1298736
1930564
4162169
838652
4789679
3782092
6270383
6705486
8373600
10122623
13238523
10006292
6680622
16572354
1986633
7378489
12334881
16782147
18978461
19518974
21928587
8127260
24982291
15170188
17602598
23168752
17087665
23983437
26680079
23681852
27710070
27918746
13903256
18113643
783430
13938999
29820521
2540026
26703802
19593078
4964117
12180901
2192152
31267700
13499236
4916696
30806323
9151504
19771154
6920851
33888814
10630723
26794295
185129
17035668
807295
4634751
34359123
41013599
5578262
15671517
2058402
12238842
194610
4666777
44674816
20666690
23578515
35392384
45231082
2314874
22732501
35616935
30249843
1135880
7787331
28175361
12127846
18427881
15290854
20665991
38298408
1271740
16121403
23629246
13669758
38564921
34140688
29817785
47599017
47767487
47724498
47894636
47457138
47266386
47526411
47452395
47691571
