22723305
21106517
8442174
11539036
1216057
13976771
8271212
2439190
13563473
6240467
13798921
5003863
3246985
1291419
14944781
5388438
3078257
2805056
1973234
10165812
931536
10896705
23625061
6696928
7687282
7457192
3779204
24767131
7870378
5789029
19836920
20099776
7804177
14146170
17376240
6405197
834144
6425139
26135066
15924597
6262195
5060101
7214797
31061338
24586554
18333078
1976319
20666250
959061
10724424
622969
10171140
4339972
994731
10665399
980268
938359
25550459
2805252
2966030
2862971
7924192
3745952
999616
6813935
19528664
1653796
810933
20767086
8057831
17676282
169988113
159936979
221476273
119593402
26635528
22541766
61134106
94377117
94943555
39534960
222699294
221726674
85446717
106663598
39616317
260805180
137165059
57775936
59583643
53190197
42000901
37002424
132624526
232671445
104222819
44951963
214939121
132047488
239045876
