0
1
8125894
13
1305151
13
51
25817
16383
3
125
169074
3
453918
40953
64388
27
478
59
2
194045
480124
29
221
474972
3294
214861
11528168
3439
101725
31526
15
261291
3997
62928
3494
1983
255
100317
210925
445
5
14
14091
1676015
3119833
255
237
4076687
14849328
57
128941
3262
1965053
223
88487
2
5
1
15
829
100345
3
2546911
191
7
4093622
4
8147
6
785708
2
15055633
290830
12
123833
3
242065
226778
2068143
222
54
6718
47
1324902
3
2926
965999
1887062
128455
16193407
30
12188649
7766
491
748
986457
6
1743
1743
